2024-06-03 21:40:01,634 [pool-1-thread-1] INFO  com.bonet.threaddungeons.server.ClientHandler - Enviando estado del juego al cliente: {
  "etapas": [
    {
      "casillas": [
        {
          "icon": "enemy6.png",
          "isAlive": true,
          "estado": "SIN_ATACAR",
          "mode": "NORMAL",
          "health": 50.0,
          "maxHealth": 50.0,
          "dificultMultiplier": 1.0,
          "damage": 10.0,
          "speed": 12.0,
          "reward": 100
        },
        {
          "icon": "enemy7.png",
          "isAlive": true,
          "estado": "SIN_ATACAR",
          "mode": "REWARD",
          "health": 62.5,
          "maxHealth": 62.5,
          "dificultMultiplier": 1.0,
          "damage": 12.5,
          "speed": 15.0,
          "reward": 100
        },
        {
          "icon": "enemy6.png",
          "isAlive": true,
          "estado": "SIN_ATACAR",
          "mode": "NORMAL",
          "health": 50.0,
          "maxHealth": 50.0,
          "dificultMultiplier": 1.0,
          "damage": 10.0,
          "speed": 12.0,
          "reward": 100
        },
        {
          "icon": "enemy6.png",
          "isAlive": true,
          "estado": "SIN_ATACAR",
          "mode": "NORMAL",
          "health": 50.0,
          "maxHealth": 50.0,
          "dificultMultiplier": 1.0,
          "damage": 10.0,
          "speed": 12.0,
          "reward": 100
        },
        {
          "icon": "boss3.png",
          "isAlive": true,
          "estado": "SIN_ATACAR",
          "mode": "BOSS",
          "health": 75.0,
          "maxHealth": 75.0,
          "dificultMultiplier": 1.0,
          "damage": 15.0,
          "speed": 18.0,
          "reward": 100
        }
      ],
      "numeroEtapa": 0
    },
    {
      "casillas": [
        {
          "icon": "enemy6.png",
          "isAlive": true,
          "estado": "SIN_ATACAR",
          "mode": "NORMAL",
          "health": 50.0,
          "maxHealth": 50.0,
          "dificultMultiplier": 1.0,
          "damage": 10.0,
          "speed": 12.0,
          "reward": 100
        },
        {
          "icon": "enemy6.png",
          "isAlive": true,
          "estado": "SIN_ATACAR",
          "mode": "NORMAL",
          "health": 50.0,
          "maxHealth": 50.0,
          "dificultMultiplier": 1.0,
          "damage": 10.0,
          "speed": 12.0,
          "reward": 100
        },
        {
          "icon": "enemy8.png",
          "isAlive": true,
          "estado": "SIN_ATACAR",
          "mode": "RANDOM",
          "health": 55.0,
          "maxHealth": 55.0,
          "dificultMultiplier": 1.0,
          "damage": 11.0,
          "speed": 13.200001,
          "reward": 100
        },
        {
          "icon": "enemy8.png",
          "isAlive": true,
          "estado": "SIN_ATACAR",
          "mode": "RANDOM",
          "health": 55.0,
          "maxHealth": 55.0,
          "dificultMultiplier": 1.0,
          "damage": 11.0,
          "speed": 13.200001,
          "reward": 100
        },
        {
          "icon": "boss3.png",
          "isAlive": true,
          "estado": "SIN_ATACAR",
          "mode": "BOSS",
          "health": 75.0,
          "maxHealth": 75.0,
          "dificultMultiplier": 1.0,
          "damage": 15.0,
          "speed": 18.0,
          "reward": 100
        }
      ],
      "numeroEtapa": 1
    }
  ],
  "jugador": {
    "nombre": "user",
    "salud": 100.0,
    "saludMaxima": 100.0,
    "velocidad": 1.0,
    "dmg": 10.0,
    "oro": 0,
    "etapaActual": 0,
    "casillaActual": 0
  },
  "partidaAcabada": false
}
2024-06-03 22:02:40,074 [pool-1-thread-1] INFO  com.bonet.threaddungeons.server.ClientHandler - Enviando estado del juego al cliente: {
  "etapas": [
    {
      "casillas": [
        {
          "icon": "enemy6.png",
          "isAlive": true,
          "estado": "SIN_ATACAR",
          "mode": "NORMAL",
          "health": 50.0,
          "maxHealth": 50.0,
          "dificultMultiplier": 1.0,
          "damage": 10.0,
          "speed": 12.0,
          "reward": 100
        },
        {
          "icon": "enemy7.png",
          "isAlive": true,
          "estado": "SIN_ATACAR",
          "mode": "REWARD",
          "health": 62.5,
          "maxHealth": 62.5,
          "dificultMultiplier": 1.0,
          "damage": 12.5,
          "speed": 15.0,
          "reward": 100
        },
        {
          "icon": "enemy6.png",
          "isAlive": true,
          "estado": "SIN_ATACAR",
          "mode": "NORMAL",
          "health": 50.0,
          "maxHealth": 50.0,
          "dificultMultiplier": 1.0,
          "damage": 10.0,
          "speed": 12.0,
          "reward": 100
        },
        {
          "icon": "enemy6.png",
          "isAlive": true,
          "estado": "SIN_ATACAR",
          "mode": "NORMAL",
          "health": 50.0,
          "maxHealth": 50.0,
          "dificultMultiplier": 1.0,
          "damage": 10.0,
          "speed": 12.0,
          "reward": 100
        },
        {
          "icon": "boss3.png",
          "isAlive": true,
          "estado": "SIN_ATACAR",
          "mode": "BOSS",
          "health": 75.0,
          "maxHealth": 75.0,
          "dificultMultiplier": 1.0,
          "damage": 15.0,
          "speed": 18.0,
          "reward": 100
        }
      ],
      "numeroEtapa": 0
    },
    {
      "casillas": [
        {
          "icon": "enemy6.png",
          "isAlive": true,
          "estado": "SIN_ATACAR",
          "mode": "NORMAL",
          "health": 50.0,
          "maxHealth": 50.0,
          "dificultMultiplier": 1.0,
          "damage": 10.0,
          "speed": 12.0,
          "reward": 100
        },
        {
          "icon": "enemy6.png",
          "isAlive": true,
          "estado": "SIN_ATACAR",
          "mode": "NORMAL",
          "health": 50.0,
          "maxHealth": 50.0,
          "dificultMultiplier": 1.0,
          "damage": 10.0,
          "speed": 12.0,
          "reward": 100
        },
        {
          "icon": "enemy8.png",
          "isAlive": true,
          "estado": "SIN_ATACAR",
          "mode": "RANDOM",
          "health": 55.0,
          "maxHealth": 55.0,
          "dificultMultiplier": 1.0,
          "damage": 11.0,
          "speed": 13.200001,
          "reward": 100
        },
        {
          "icon": "enemy8.png",
          "isAlive": true,
          "estado": "SIN_ATACAR",
          "mode": "RANDOM",
          "health": 55.0,
          "maxHealth": 55.0,
          "dificultMultiplier": 1.0,
          "damage": 11.0,
          "speed": 13.200001,
          "reward": 100
        },
        {
          "icon": "boss3.png",
          "isAlive": true,
          "estado": "SIN_ATACAR",
          "mode": "BOSS",
          "health": 75.0,
          "maxHealth": 75.0,
          "dificultMultiplier": 1.0,
          "damage": 15.0,
          "speed": 18.0,
          "reward": 100
        }
      ],
      "numeroEtapa": 1
    }
  ],
  "jugador": {
    "nombre": "user",
    "salud": 100.0,
    "saludMaxima": 100.0,
    "velocidad": 1.0,
    "dmg": 10.0,
    "oro": 0,
    "etapaActual": 0,
    "casillaActual": 0
  },
  "partidaAcabada": false
}
2024-06-03 22:03:46,227 [pool-1-thread-2] INFO  com.bonet.threaddungeons.server.ClientHandler - Enviando estado del juego al cliente: {
  "etapas": [
    {
      "casillas": [
        {
          "icon": "enemy6.png",
          "isAlive": true,
          "estado": "SIN_ATACAR",
          "mode": "NORMAL",
          "health": 50.0,
          "maxHealth": 50.0,
          "dificultMultiplier": 1.0,
          "damage": 10.0,
          "speed": 12.0,
          "reward": 100
        },
        {
          "icon": "enemy7.png",
          "isAlive": true,
          "estado": "SIN_ATACAR",
          "mode": "REWARD",
          "health": 62.5,
          "maxHealth": 62.5,
          "dificultMultiplier": 1.0,
          "damage": 12.5,
          "speed": 15.0,
          "reward": 100
        },
        {
          "icon": "enemy7.png",
          "isAlive": true,
          "estado": "SIN_ATACAR",
          "mode": "REWARD",
          "health": 62.5,
          "maxHealth": 62.5,
          "dificultMultiplier": 1.0,
          "damage": 12.5,
          "speed": 15.0,
          "reward": 100
        },
        {
          "icon": "enemy7.png",
          "isAlive": true,
          "estado": "SIN_ATACAR",
          "mode": "REWARD",
          "health": 62.5,
          "maxHealth": 62.5,
          "dificultMultiplier": 1.0,
          "damage": 12.5,
          "speed": 15.0,
          "reward": 100
        },
        {
          "icon": "boss3.png",
          "isAlive": true,
          "estado": "SIN_ATACAR",
          "mode": "BOSS",
          "health": 75.0,
          "maxHealth": 75.0,
          "dificultMultiplier": 1.0,
          "damage": 15.0,
          "speed": 18.0,
          "reward": 100
        }
      ],
      "numeroEtapa": 0
    },
    {
      "casillas": [
        {
          "icon": "enemy6.png",
          "isAlive": true,
          "estado": "SIN_ATACAR",
          "mode": "NORMAL",
          "health": 50.0,
          "maxHealth": 50.0,
          "dificultMultiplier": 1.0,
          "damage": 10.0,
          "speed": 12.0,
          "reward": 100
        },
        {
          "icon": "enemy6.png",
          "isAlive": true,
          "estado": "SIN_ATACAR",
          "mode": "NORMAL",
          "health": 50.0,
          "maxHealth": 50.0,
          "dificultMultiplier": 1.0,
          "damage": 10.0,
          "speed": 12.0,
          "reward": 100
        },
        {
          "icon": "enemy8.png",
          "isAlive": true,
          "estado": "SIN_ATACAR",
          "mode": "RANDOM",
          "health": 55.0,
          "maxHealth": 55.0,
          "dificultMultiplier": 1.0,
          "damage": 11.0,
          "speed": 13.200001,
          "reward": 100
        },
        {
          "icon": "enemy8.png",
          "isAlive": true,
          "estado": "SIN_ATACAR",
          "mode": "RANDOM",
          "health": 55.0,
          "maxHealth": 55.0,
          "dificultMultiplier": 1.0,
          "damage": 11.0,
          "speed": 13.200001,
          "reward": 100
        },
        {
          "icon": "boss3.png",
          "isAlive": true,
          "estado": "SIN_ATACAR",
          "mode": "BOSS",
          "health": 75.0,
          "maxHealth": 75.0,
          "dificultMultiplier": 1.0,
          "damage": 15.0,
          "speed": 18.0,
          "reward": 100
        }
      ],
      "numeroEtapa": 1
    }
  ],
  "jugador": {
    "nombre": "Bonet123",
    "salud": 100.0,
    "saludMaxima": 100.0,
    "velocidad": 1.0,
    "dmg": 10.0,
    "oro": 0,
    "etapaActual": 0,
    "casillaActual": 0
  },
  "partidaAcabada": false
}
2024-06-03 22:03:52,314 [pool-1-thread-3] INFO  com.bonet.threaddungeons.server.ClientHandler - Enviando estado del juego al cliente: {
  "etapas": [
    {
      "casillas": [
        {
          "icon": "enemy6.png",
          "isAlive": true,
          "estado": "SIN_ATACAR",
          "mode": "NORMAL",
          "health": 50.0,
          "maxHealth": 50.0,
          "dificultMultiplier": 1.0,
          "damage": 10.0,
          "speed": 12.0,
          "reward": 100
        },
        {
          "icon": "enemy7.png",
          "isAlive": true,
          "estado": "SIN_ATACAR",
          "mode": "REWARD",
          "health": 62.5,
          "maxHealth": 62.5,
          "dificultMultiplier": 1.0,
          "damage": 12.5,
          "speed": 15.0,
          "reward": 100
        },
        {
          "icon": "enemy7.png",
          "isAlive": true,
          "estado": "SIN_ATACAR",
          "mode": "REWARD",
          "health": 62.5,
          "maxHealth": 62.5,
          "dificultMultiplier": 1.0,
          "damage": 12.5,
          "speed": 15.0,
          "reward": 100
        },
        {
          "icon": "enemy7.png",
          "isAlive": true,
          "estado": "SIN_ATACAR",
          "mode": "REWARD",
          "health": 62.5,
          "maxHealth": 62.5,
          "dificultMultiplier": 1.0,
          "damage": 12.5,
          "speed": 15.0,
          "reward": 100
        },
        {
          "icon": "boss3.png",
          "isAlive": true,
          "estado": "SIN_ATACAR",
          "mode": "BOSS",
          "health": 75.0,
          "maxHealth": 75.0,
          "dificultMultiplier": 1.0,
          "damage": 15.0,
          "speed": 18.0,
          "reward": 100
        }
      ],
      "numeroEtapa": 0
    },
    {
      "casillas": [
        {
          "icon": "enemy6.png",
          "isAlive": true,
          "estado": "SIN_ATACAR",
          "mode": "NORMAL",
          "health": 50.0,
          "maxHealth": 50.0,
          "dificultMultiplier": 1.0,
          "damage": 10.0,
          "speed": 12.0,
          "reward": 100
        },
        {
          "icon": "enemy6.png",
          "isAlive": true,
          "estado": "SIN_ATACAR",
          "mode": "NORMAL",
          "health": 50.0,
          "maxHealth": 50.0,
          "dificultMultiplier": 1.0,
          "damage": 10.0,
          "speed": 12.0,
          "reward": 100
        },
        {
          "icon": "enemy8.png",
          "isAlive": true,
          "estado": "SIN_ATACAR",
          "mode": "RANDOM",
          "health": 55.0,
          "maxHealth": 55.0,
          "dificultMultiplier": 1.0,
          "damage": 11.0,
          "speed": 13.200001,
          "reward": 100
        },
        {
          "icon": "enemy8.png",
          "isAlive": true,
          "estado": "SIN_ATACAR",
          "mode": "RANDOM",
          "health": 55.0,
          "maxHealth": 55.0,
          "dificultMultiplier": 1.0,
          "damage": 11.0,
          "speed": 13.200001,
          "reward": 100
        },
        {
          "icon": "boss3.png",
          "isAlive": true,
          "estado": "SIN_ATACAR",
          "mode": "BOSS",
          "health": 75.0,
          "maxHealth": 75.0,
          "dificultMultiplier": 1.0,
          "damage": 15.0,
          "speed": 18.0,
          "reward": 100
        }
      ],
      "numeroEtapa": 1
    }
  ],
  "jugador": {
    "nombre": "Bonet123",
    "salud": 100.0,
    "saludMaxima": 100.0,
    "velocidad": 1.0,
    "dmg": 10.0,
    "oro": 0,
    "etapaActual": 0,
    "casillaActual": 0
  },
  "partidaAcabada": false
}
2024-06-03 22:25:52,918 [pool-1-thread-1] INFO  com.bonet.threaddungeons.server.ClientHandler - Enviando estado del juego al cliente: {
  "etapas": [
    {
      "casillas": [
        {
          "icon": "enemy6.png",
          "isAlive": true,
          "estado": "SIN_ATACAR",
          "mode": "NORMAL",
          "health": 50.0,
          "maxHealth": 50.0,
          "dificultMultiplier": 1.0,
          "damage": 10.0,
          "speed": 12.0,
          "reward": 100
        },
        {
          "icon": "enemy7.png",
          "isAlive": true,
          "estado": "SIN_ATACAR",
          "mode": "REWARD",
          "health": 62.5,
          "maxHealth": 62.5,
          "dificultMultiplier": 1.0,
          "damage": 12.5,
          "speed": 15.0,
          "reward": 100
        },
        {
          "icon": "enemy8.png",
          "isAlive": true,
          "estado": "SIN_ATACAR",
          "mode": "RANDOM",
          "health": 55.0,
          "maxHealth": 55.0,
          "dificultMultiplier": 1.0,
          "damage": 11.0,
          "speed": 13.200001,
          "reward": 100
        },
        {
          "icon": "enemy6.png",
          "isAlive": true,
          "estado": "SIN_ATACAR",
          "mode": "NORMAL",
          "health": 50.0,
          "maxHealth": 50.0,
          "dificultMultiplier": 1.0,
          "damage": 10.0,
          "speed": 12.0,
          "reward": 100
        },
        {
          "icon": "boss3.png",
          "isAlive": true,
          "estado": "SIN_ATACAR",
          "mode": "BOSS",
          "health": 75.0,
          "maxHealth": 75.0,
          "dificultMultiplier": 1.0,
          "damage": 15.0,
          "speed": 18.0,
          "reward": 100
        }
      ],
      "numeroEtapa": 0
    },
    {
      "casillas": [
        {
          "icon": "enemy6.png",
          "isAlive": true,
          "estado": "SIN_ATACAR",
          "mode": "NORMAL",
          "health": 50.0,
          "maxHealth": 50.0,
          "dificultMultiplier": 1.0,
          "damage": 10.0,
          "speed": 12.0,
          "reward": 100
        },
        {
          "icon": "enemy6.png",
          "isAlive": true,
          "estado": "SIN_ATACAR",
          "mode": "NORMAL",
          "health": 50.0,
          "maxHealth": 50.0,
          "dificultMultiplier": 1.0,
          "damage": 10.0,
          "speed": 12.0,
          "reward": 100
        },
        {
          "icon": "enemy6.png",
          "isAlive": true,
          "estado": "SIN_ATACAR",
          "mode": "NORMAL",
          "health": 50.0,
          "maxHealth": 50.0,
          "dificultMultiplier": 1.0,
          "damage": 10.0,
          "speed": 12.0,
          "reward": 100
        },
        {
          "icon": "enemy6.png",
          "isAlive": true,
          "estado": "SIN_ATACAR",
          "mode": "NORMAL",
          "health": 50.0,
          "maxHealth": 50.0,
          "dificultMultiplier": 1.0,
          "damage": 10.0,
          "speed": 12.0,
          "reward": 100
        },
        {
          "icon": "boss3.png",
          "isAlive": true,
          "estado": "SIN_ATACAR",
          "mode": "BOSS",
          "health": 75.0,
          "maxHealth": 75.0,
          "dificultMultiplier": 1.0,
          "damage": 15.0,
          "speed": 18.0,
          "reward": 100
        }
      ],
      "numeroEtapa": 1
    }
  ],
  "jugador": {
    "nombre": "user",
    "salud": 100.0,
    "saludMaxima": 100.0,
    "velocidad": 1.0,
    "dmg": 10.0,
    "oro": 0,
    "etapaActual": 0,
    "casillaActual": 0
  },
  "partidaAcabada": false
}
2024-06-03 22:25:56,513 [pool-1-thread-1] INFO  com.bonet.threaddungeons.server.ClientHandler - Mensaje recibido del cliente: 1
2024-06-03 22:25:56,514 [pool-1-thread-1] INFO  com.bonet.threaddungeons.server.ClientHandler - Procesando mensaje de iniciar ataque
2024-06-03 22:25:56,539 [pool-1-thread-1] INFO  com.bonet.threaddungeons.server.ClientHandler - Enviando estado del juego al cliente: {
  "etapas": [
    {
      "casillas": [
        {
          "icon": "enemy6.png",
          "isAlive": true,
          "estado": "EN_COMBATE",
          "mode": "NORMAL",
          "health": 50.0,
          "maxHealth": 50.0,
          "dificultMultiplier": 1.0,
          "damage": 10.0,
          "speed": 12.0,
          "reward": 100
        },
        {
          "icon": "enemy7.png",
          "isAlive": true,
          "estado": "SIN_ATACAR",
          "mode": "REWARD",
          "health": 62.5,
          "maxHealth": 62.5,
          "dificultMultiplier": 1.0,
          "damage": 12.5,
          "speed": 15.0,
          "reward": 100
        },
        {
          "icon": "enemy8.png",
          "isAlive": true,
          "estado": "SIN_ATACAR",
          "mode": "RANDOM",
          "health": 55.0,
          "maxHealth": 55.0,
          "dificultMultiplier": 1.0,
          "damage": 11.0,
          "speed": 13.200001,
          "reward": 100
        },
        {
          "icon": "enemy6.png",
          "isAlive": true,
          "estado": "SIN_ATACAR",
          "mode": "NORMAL",
          "health": 50.0,
          "maxHealth": 50.0,
          "dificultMultiplier": 1.0,
          "damage": 10.0,
          "speed": 12.0,
          "reward": 100
        },
        {
          "icon": "boss3.png",
          "isAlive": true,
          "estado": "SIN_ATACAR",
          "mode": "BOSS",
          "health": 75.0,
          "maxHealth": 75.0,
          "dificultMultiplier": 1.0,
          "damage": 15.0,
          "speed": 18.0,
          "reward": 100
        }
      ],
      "numeroEtapa": 0
    },
    {
      "casillas": [
        {
          "icon": "enemy6.png",
          "isAlive": true,
          "estado": "SIN_ATACAR",
          "mode": "NORMAL",
          "health": 50.0,
          "maxHealth": 50.0,
          "dificultMultiplier": 1.0,
          "damage": 10.0,
          "speed": 12.0,
          "reward": 100
        },
        {
          "icon": "enemy6.png",
          "isAlive": true,
          "estado": "SIN_ATACAR",
          "mode": "NORMAL",
          "health": 50.0,
          "maxHealth": 50.0,
          "dificultMultiplier": 1.0,
          "damage": 10.0,
          "speed": 12.0,
          "reward": 100
        },
        {
          "icon": "enemy6.png",
          "isAlive": true,
          "estado": "SIN_ATACAR",
          "mode": "NORMAL",
          "health": 50.0,
          "maxHealth": 50.0,
          "dificultMultiplier": 1.0,
          "damage": 10.0,
          "speed": 12.0,
          "reward": 100
        },
        {
          "icon": "enemy6.png",
          "isAlive": true,
          "estado": "SIN_ATACAR",
          "mode": "NORMAL",
          "health": 50.0,
          "maxHealth": 50.0,
          "dificultMultiplier": 1.0,
          "damage": 10.0,
          "speed": 12.0,
          "reward": 100
        },
        {
          "icon": "boss3.png",
          "isAlive": true,
          "estado": "SIN_ATACAR",
          "mode": "BOSS",
          "health": 75.0,
          "maxHealth": 75.0,
          "dificultMultiplier": 1.0,
          "damage": 15.0,
          "speed": 18.0,
          "reward": 100
        }
      ],
      "numeroEtapa": 1
    }
  ],
  "jugador": {
    "nombre": "user",
    "salud": 100.0,
    "saludMaxima": 100.0,
    "velocidad": 1.0,
    "dmg": 10.0,
    "oro": 0,
    "etapaActual": 0,
    "casillaActual": 0
  },
  "partidaAcabada": false
}
2024-06-03 22:25:57,105 [pool-1-thread-1] INFO  com.bonet.threaddungeons.server.ClientHandler - Mensaje recibido del cliente: 4
2024-06-03 22:25:57,105 [pool-1-thread-1] INFO  com.bonet.threaddungeons.server.ClientHandler - Procesando mensaje de ataque
2024-06-03 22:25:57,122 [pool-1-thread-1] INFO  com.bonet.threaddungeons.server.ClientHandler - Enviando estado del juego al cliente: {
  "etapas": [
    {
      "casillas": [
        {
          "icon": "enemy6.png",
          "isAlive": true,
          "estado": "EN_COMBATE",
          "mode": "NORMAL",
          "health": 40.0,
          "maxHealth": 50.0,
          "dificultMultiplier": 1.0,
          "damage": 10.0,
          "speed": 12.0,
          "reward": 100
        },
        {
          "icon": "enemy7.png",
          "isAlive": true,
          "estado": "SIN_ATACAR",
          "mode": "REWARD",
          "health": 62.5,
          "maxHealth": 62.5,
          "dificultMultiplier": 1.0,
          "damage": 12.5,
          "speed": 15.0,
          "reward": 100
        },
        {
          "icon": "enemy8.png",
          "isAlive": true,
          "estado": "SIN_ATACAR",
          "mode": "RANDOM",
          "health": 55.0,
          "maxHealth": 55.0,
          "dificultMultiplier": 1.0,
          "damage": 11.0,
          "speed": 13.200001,
          "reward": 100
        },
        {
          "icon": "enemy6.png",
          "isAlive": true,
          "estado": "SIN_ATACAR",
          "mode": "NORMAL",
          "health": 50.0,
          "maxHealth": 50.0,
          "dificultMultiplier": 1.0,
          "damage": 10.0,
          "speed": 12.0,
          "reward": 100
        },
        {
          "icon": "boss3.png",
          "isAlive": true,
          "estado": "SIN_ATACAR",
          "mode": "BOSS",
          "health": 75.0,
          "maxHealth": 75.0,
          "dificultMultiplier": 1.0,
          "damage": 15.0,
          "speed": 18.0,
          "reward": 100
        }
      ],
      "numeroEtapa": 0
    },
    {
      "casillas": [
        {
          "icon": "enemy6.png",
          "isAlive": true,
          "estado": "SIN_ATACAR",
          "mode": "NORMAL",
          "health": 50.0,
          "maxHealth": 50.0,
          "dificultMultiplier": 1.0,
          "damage": 10.0,
          "speed": 12.0,
          "reward": 100
        },
        {
          "icon": "enemy6.png",
          "isAlive": true,
          "estado": "SIN_ATACAR",
          "mode": "NORMAL",
          "health": 50.0,
          "maxHealth": 50.0,
          "dificultMultiplier": 1.0,
          "damage": 10.0,
          "speed": 12.0,
          "reward": 100
        },
        {
          "icon": "enemy6.png",
          "isAlive": true,
          "estado": "SIN_ATACAR",
          "mode": "NORMAL",
          "health": 50.0,
          "maxHealth": 50.0,
          "dificultMultiplier": 1.0,
          "damage": 10.0,
          "speed": 12.0,
          "reward": 100
        },
        {
          "icon": "enemy6.png",
          "isAlive": true,
          "estado": "SIN_ATACAR",
          "mode": "NORMAL",
          "health": 50.0,
          "maxHealth": 50.0,
          "dificultMultiplier": 1.0,
          "damage": 10.0,
          "speed": 12.0,
          "reward": 100
        },
        {
          "icon": "boss3.png",
          "isAlive": true,
          "estado": "SIN_ATACAR",
          "mode": "BOSS",
          "health": 75.0,
          "maxHealth": 75.0,
          "dificultMultiplier": 1.0,
          "damage": 15.0,
          "speed": 18.0,
          "reward": 100
        }
      ],
      "numeroEtapa": 1
    }
  ],
  "jugador": {
    "nombre": "user",
    "salud": 100.0,
    "saludMaxima": 100.0,
    "velocidad": 1.0,
    "dmg": 10.0,
    "oro": 0,
    "etapaActual": 0,
    "casillaActual": 0
  },
  "partidaAcabada": false
}
2024-06-03 22:25:57,993 [pool-1-thread-1] INFO  com.bonet.threaddungeons.server.ClientHandler - Mensaje recibido del cliente: 4
2024-06-03 22:25:57,993 [pool-1-thread-1] INFO  com.bonet.threaddungeons.server.ClientHandler - Procesando mensaje de ataque
2024-06-03 22:25:58,011 [pool-1-thread-1] INFO  com.bonet.threaddungeons.server.ClientHandler - Enviando estado del juego al cliente: {
  "etapas": [
    {
      "casillas": [
        {
          "icon": "enemy6.png",
          "isAlive": true,
          "estado": "EN_COMBATE",
          "mode": "NORMAL",
          "health": 30.0,
          "maxHealth": 50.0,
          "dificultMultiplier": 1.0,
          "damage": 10.0,
          "speed": 12.0,
          "reward": 100
        },
        {
          "icon": "enemy7.png",
          "isAlive": true,
          "estado": "SIN_ATACAR",
          "mode": "REWARD",
          "health": 62.5,
          "maxHealth": 62.5,
          "dificultMultiplier": 1.0,
          "damage": 12.5,
          "speed": 15.0,
          "reward": 100
        },
        {
          "icon": "enemy8.png",
          "isAlive": true,
          "estado": "SIN_ATACAR",
          "mode": "RANDOM",
          "health": 55.0,
          "maxHealth": 55.0,
          "dificultMultiplier": 1.0,
          "damage": 11.0,
          "speed": 13.200001,
          "reward": 100
        },
        {
          "icon": "enemy6.png",
          "isAlive": true,
          "estado": "SIN_ATACAR",
          "mode": "NORMAL",
          "health": 50.0,
          "maxHealth": 50.0,
          "dificultMultiplier": 1.0,
          "damage": 10.0,
          "speed": 12.0,
          "reward": 100
        },
        {
          "icon": "boss3.png",
          "isAlive": true,
          "estado": "SIN_ATACAR",
          "mode": "BOSS",
          "health": 75.0,
          "maxHealth": 75.0,
          "dificultMultiplier": 1.0,
          "damage": 15.0,
          "speed": 18.0,
          "reward": 100
        }
      ],
      "numeroEtapa": 0
    },
    {
      "casillas": [
        {
          "icon": "enemy6.png",
          "isAlive": true,
          "estado": "SIN_ATACAR",
          "mode": "NORMAL",
          "health": 50.0,
          "maxHealth": 50.0,
          "dificultMultiplier": 1.0,
          "damage": 10.0,
          "speed": 12.0,
          "reward": 100
        },
        {
          "icon": "enemy6.png",
          "isAlive": true,
          "estado": "SIN_ATACAR",
          "mode": "NORMAL",
          "health": 50.0,
          "maxHealth": 50.0,
          "dificultMultiplier": 1.0,
          "damage": 10.0,
          "speed": 12.0,
          "reward": 100
        },
        {
          "icon": "enemy6.png",
          "isAlive": true,
          "estado": "SIN_ATACAR",
          "mode": "NORMAL",
          "health": 50.0,
          "maxHealth": 50.0,
          "dificultMultiplier": 1.0,
          "damage": 10.0,
          "speed": 12.0,
          "reward": 100
        },
        {
          "icon": "enemy6.png",
          "isAlive": true,
          "estado": "SIN_ATACAR",
          "mode": "NORMAL",
          "health": 50.0,
          "maxHealth": 50.0,
          "dificultMultiplier": 1.0,
          "damage": 10.0,
          "speed": 12.0,
          "reward": 100
        },
        {
          "icon": "boss3.png",
          "isAlive": true,
          "estado": "SIN_ATACAR",
          "mode": "BOSS",
          "health": 75.0,
          "maxHealth": 75.0,
          "dificultMultiplier": 1.0,
          "damage": 15.0,
          "speed": 18.0,
          "reward": 100
        }
      ],
      "numeroEtapa": 1
    }
  ],
  "jugador": {
    "nombre": "user",
    "salud": 100.0,
    "saludMaxima": 100.0,
    "velocidad": 1.0,
    "dmg": 10.0,
    "oro": 0,
    "etapaActual": 0,
    "casillaActual": 0
  },
  "partidaAcabada": false
}
2024-06-03 22:25:58,962 [pool-1-thread-1] INFO  com.bonet.threaddungeons.server.ClientHandler - Mensaje recibido del cliente: 4
2024-06-03 22:25:58,964 [pool-1-thread-1] INFO  com.bonet.threaddungeons.server.ClientHandler - Procesando mensaje de ataque
2024-06-03 22:25:58,980 [pool-1-thread-1] INFO  com.bonet.threaddungeons.server.ClientHandler - Enviando estado del juego al cliente: {
  "etapas": [
    {
      "casillas": [
        {
          "icon": "enemy6.png",
          "isAlive": true,
          "estado": "EN_COMBATE",
          "mode": "NORMAL",
          "health": 20.0,
          "maxHealth": 50.0,
          "dificultMultiplier": 1.0,
          "damage": 10.0,
          "speed": 12.0,
          "reward": 100
        },
        {
          "icon": "enemy7.png",
          "isAlive": true,
          "estado": "SIN_ATACAR",
          "mode": "REWARD",
          "health": 62.5,
          "maxHealth": 62.5,
          "dificultMultiplier": 1.0,
          "damage": 12.5,
          "speed": 15.0,
          "reward": 100
        },
        {
          "icon": "enemy8.png",
          "isAlive": true,
          "estado": "SIN_ATACAR",
          "mode": "RANDOM",
          "health": 55.0,
          "maxHealth": 55.0,
          "dificultMultiplier": 1.0,
          "damage": 11.0,
          "speed": 13.200001,
          "reward": 100
        },
        {
          "icon": "enemy6.png",
          "isAlive": true,
          "estado": "SIN_ATACAR",
          "mode": "NORMAL",
          "health": 50.0,
          "maxHealth": 50.0,
          "dificultMultiplier": 1.0,
          "damage": 10.0,
          "speed": 12.0,
          "reward": 100
        },
        {
          "icon": "boss3.png",
          "isAlive": true,
          "estado": "SIN_ATACAR",
          "mode": "BOSS",
          "health": 75.0,
          "maxHealth": 75.0,
          "dificultMultiplier": 1.0,
          "damage": 15.0,
          "speed": 18.0,
          "reward": 100
        }
      ],
      "numeroEtapa": 0
    },
    {
      "casillas": [
        {
          "icon": "enemy6.png",
          "isAlive": true,
          "estado": "SIN_ATACAR",
          "mode": "NORMAL",
          "health": 50.0,
          "maxHealth": 50.0,
          "dificultMultiplier": 1.0,
          "damage": 10.0,
          "speed": 12.0,
          "reward": 100
        },
        {
          "icon": "enemy6.png",
          "isAlive": true,
          "estado": "SIN_ATACAR",
          "mode": "NORMAL",
          "health": 50.0,
          "maxHealth": 50.0,
          "dificultMultiplier": 1.0,
          "damage": 10.0,
          "speed": 12.0,
          "reward": 100
        },
        {
          "icon": "enemy6.png",
          "isAlive": true,
          "estado": "SIN_ATACAR",
          "mode": "NORMAL",
          "health": 50.0,
          "maxHealth": 50.0,
          "dificultMultiplier": 1.0,
          "damage": 10.0,
          "speed": 12.0,
          "reward": 100
        },
        {
          "icon": "enemy6.png",
          "isAlive": true,
          "estado": "SIN_ATACAR",
          "mode": "NORMAL",
          "health": 50.0,
          "maxHealth": 50.0,
          "dificultMultiplier": 1.0,
          "damage": 10.0,
          "speed": 12.0,
          "reward": 100
        },
        {
          "icon": "boss3.png",
          "isAlive": true,
          "estado": "SIN_ATACAR",
          "mode": "BOSS",
          "health": 75.0,
          "maxHealth": 75.0,
          "dificultMultiplier": 1.0,
          "damage": 15.0,
          "speed": 18.0,
          "reward": 100
        }
      ],
      "numeroEtapa": 1
    }
  ],
  "jugador": {
    "nombre": "user",
    "salud": 100.0,
    "saludMaxima": 100.0,
    "velocidad": 1.0,
    "dmg": 10.0,
    "oro": 0,
    "etapaActual": 0,
    "casillaActual": 0
  },
  "partidaAcabada": false
}
2024-06-03 22:26:00,265 [pool-1-thread-1] INFO  com.bonet.threaddungeons.server.ClientHandler - Mensaje recibido del cliente: 5
2024-06-03 22:26:00,265 [pool-1-thread-1] INFO  com.bonet.threaddungeons.server.ClientHandler - Procesando mensaje de daño recibido
2024-06-03 22:26:00,283 [pool-1-thread-1] INFO  com.bonet.threaddungeons.server.ClientHandler - Enviando estado del juego al cliente: {
  "etapas": [
    {
      "casillas": [
        {
          "icon": "enemy6.png",
          "isAlive": true,
          "estado": "EN_COMBATE",
          "mode": "NORMAL",
          "health": 20.0,
          "maxHealth": 50.0,
          "dificultMultiplier": 1.0,
          "damage": 10.0,
          "speed": 12.0,
          "reward": 100
        },
        {
          "icon": "enemy7.png",
          "isAlive": true,
          "estado": "SIN_ATACAR",
          "mode": "REWARD",
          "health": 62.5,
          "maxHealth": 62.5,
          "dificultMultiplier": 1.0,
          "damage": 12.5,
          "speed": 15.0,
          "reward": 100
        },
        {
          "icon": "enemy8.png",
          "isAlive": true,
          "estado": "SIN_ATACAR",
          "mode": "RANDOM",
          "health": 55.0,
          "maxHealth": 55.0,
          "dificultMultiplier": 1.0,
          "damage": 11.0,
          "speed": 13.200001,
          "reward": 100
        },
        {
          "icon": "enemy6.png",
          "isAlive": true,
          "estado": "SIN_ATACAR",
          "mode": "NORMAL",
          "health": 50.0,
          "maxHealth": 50.0,
          "dificultMultiplier": 1.0,
          "damage": 10.0,
          "speed": 12.0,
          "reward": 100
        },
        {
          "icon": "boss3.png",
          "isAlive": true,
          "estado": "SIN_ATACAR",
          "mode": "BOSS",
          "health": 75.0,
          "maxHealth": 75.0,
          "dificultMultiplier": 1.0,
          "damage": 15.0,
          "speed": 18.0,
          "reward": 100
        }
      ],
      "numeroEtapa": 0
    },
    {
      "casillas": [
        {
          "icon": "enemy6.png",
          "isAlive": true,
          "estado": "SIN_ATACAR",
          "mode": "NORMAL",
          "health": 50.0,
          "maxHealth": 50.0,
          "dificultMultiplier": 1.0,
          "damage": 10.0,
          "speed": 12.0,
          "reward": 100
        },
        {
          "icon": "enemy6.png",
          "isAlive": true,
          "estado": "SIN_ATACAR",
          "mode": "NORMAL",
          "health": 50.0,
          "maxHealth": 50.0,
          "dificultMultiplier": 1.0,
          "damage": 10.0,
          "speed": 12.0,
          "reward": 100
        },
        {
          "icon": "enemy6.png",
          "isAlive": true,
          "estado": "SIN_ATACAR",
          "mode": "NORMAL",
          "health": 50.0,
          "maxHealth": 50.0,
          "dificultMultiplier": 1.0,
          "damage": 10.0,
          "speed": 12.0,
          "reward": 100
        },
        {
          "icon": "enemy6.png",
          "isAlive": true,
          "estado": "SIN_ATACAR",
          "mode": "NORMAL",
          "health": 50.0,
          "maxHealth": 50.0,
          "dificultMultiplier": 1.0,
          "damage": 10.0,
          "speed": 12.0,
          "reward": 100
        },
        {
          "icon": "boss3.png",
          "isAlive": true,
          "estado": "SIN_ATACAR",
          "mode": "BOSS",
          "health": 75.0,
          "maxHealth": 75.0,
          "dificultMultiplier": 1.0,
          "damage": 15.0,
          "speed": 18.0,
          "reward": 100
        }
      ],
      "numeroEtapa": 1
    }
  ],
  "jugador": {
    "nombre": "user",
    "salud": 90.0,
    "saludMaxima": 100.0,
    "velocidad": 1.0,
    "dmg": 10.0,
    "oro": 0,
    "etapaActual": 0,
    "casillaActual": 0
  },
  "partidaAcabada": false
}
2024-06-03 22:26:01,265 [pool-1-thread-1] INFO  com.bonet.threaddungeons.server.ClientHandler - Mensaje recibido del cliente: 5
2024-06-03 22:26:01,265 [pool-1-thread-1] INFO  com.bonet.threaddungeons.server.ClientHandler - Procesando mensaje de daño recibido
2024-06-03 22:26:01,294 [pool-1-thread-1] INFO  com.bonet.threaddungeons.server.ClientHandler - Enviando estado del juego al cliente: {
  "etapas": [
    {
      "casillas": [
        {
          "icon": "enemy6.png",
          "isAlive": true,
          "estado": "EN_COMBATE",
          "mode": "NORMAL",
          "health": 20.0,
          "maxHealth": 50.0,
          "dificultMultiplier": 1.0,
          "damage": 10.0,
          "speed": 12.0,
          "reward": 100
        },
        {
          "icon": "enemy7.png",
          "isAlive": true,
          "estado": "SIN_ATACAR",
          "mode": "REWARD",
          "health": 62.5,
          "maxHealth": 62.5,
          "dificultMultiplier": 1.0,
          "damage": 12.5,
          "speed": 15.0,
          "reward": 100
        },
        {
          "icon": "enemy8.png",
          "isAlive": true,
          "estado": "SIN_ATACAR",
          "mode": "RANDOM",
          "health": 55.0,
          "maxHealth": 55.0,
          "dificultMultiplier": 1.0,
          "damage": 11.0,
          "speed": 13.200001,
          "reward": 100
        },
        {
          "icon": "enemy6.png",
          "isAlive": true,
          "estado": "SIN_ATACAR",
          "mode": "NORMAL",
          "health": 50.0,
          "maxHealth": 50.0,
          "dificultMultiplier": 1.0,
          "damage": 10.0,
          "speed": 12.0,
          "reward": 100
        },
        {
          "icon": "boss3.png",
          "isAlive": true,
          "estado": "SIN_ATACAR",
          "mode": "BOSS",
          "health": 75.0,
          "maxHealth": 75.0,
          "dificultMultiplier": 1.0,
          "damage": 15.0,
          "speed": 18.0,
          "reward": 100
        }
      ],
      "numeroEtapa": 0
    },
    {
      "casillas": [
        {
          "icon": "enemy6.png",
          "isAlive": true,
          "estado": "SIN_ATACAR",
          "mode": "NORMAL",
          "health": 50.0,
          "maxHealth": 50.0,
          "dificultMultiplier": 1.0,
          "damage": 10.0,
          "speed": 12.0,
          "reward": 100
        },
        {
          "icon": "enemy6.png",
          "isAlive": true,
          "estado": "SIN_ATACAR",
          "mode": "NORMAL",
          "health": 50.0,
          "maxHealth": 50.0,
          "dificultMultiplier": 1.0,
          "damage": 10.0,
          "speed": 12.0,
          "reward": 100
        },
        {
          "icon": "enemy6.png",
          "isAlive": true,
          "estado": "SIN_ATACAR",
          "mode": "NORMAL",
          "health": 50.0,
          "maxHealth": 50.0,
          "dificultMultiplier": 1.0,
          "damage": 10.0,
          "speed": 12.0,
          "reward": 100
        },
        {
          "icon": "enemy6.png",
          "isAlive": true,
          "estado": "SIN_ATACAR",
          "mode": "NORMAL",
          "health": 50.0,
          "maxHealth": 50.0,
          "dificultMultiplier": 1.0,
          "damage": 10.0,
          "speed": 12.0,
          "reward": 100
        },
        {
          "icon": "boss3.png",
          "isAlive": true,
          "estado": "SIN_ATACAR",
          "mode": "BOSS",
          "health": 75.0,
          "maxHealth": 75.0,
          "dificultMultiplier": 1.0,
          "damage": 15.0,
          "speed": 18.0,
          "reward": 100
        }
      ],
      "numeroEtapa": 1
    }
  ],
  "jugador": {
    "nombre": "user",
    "salud": 80.0,
    "saludMaxima": 100.0,
    "velocidad": 1.0,
    "dmg": 10.0,
    "oro": 0,
    "etapaActual": 0,
    "casillaActual": 0
  },
  "partidaAcabada": false
}
2024-06-03 22:26:02,266 [pool-1-thread-1] INFO  com.bonet.threaddungeons.server.ClientHandler - Mensaje recibido del cliente: 5
2024-06-03 22:26:02,266 [pool-1-thread-1] INFO  com.bonet.threaddungeons.server.ClientHandler - Procesando mensaje de daño recibido
2024-06-03 22:26:02,304 [pool-1-thread-1] INFO  com.bonet.threaddungeons.server.ClientHandler - Enviando estado del juego al cliente: {
  "etapas": [
    {
      "casillas": [
        {
          "icon": "enemy6.png",
          "isAlive": true,
          "estado": "EN_COMBATE",
          "mode": "NORMAL",
          "health": 20.0,
          "maxHealth": 50.0,
          "dificultMultiplier": 1.0,
          "damage": 10.0,
          "speed": 12.0,
          "reward": 100
        },
        {
          "icon": "enemy7.png",
          "isAlive": true,
          "estado": "SIN_ATACAR",
          "mode": "REWARD",
          "health": 62.5,
          "maxHealth": 62.5,
          "dificultMultiplier": 1.0,
          "damage": 12.5,
          "speed": 15.0,
          "reward": 100
        },
        {
          "icon": "enemy8.png",
          "isAlive": true,
          "estado": "SIN_ATACAR",
          "mode": "RANDOM",
          "health": 55.0,
          "maxHealth": 55.0,
          "dificultMultiplier": 1.0,
          "damage": 11.0,
          "speed": 13.200001,
          "reward": 100
        },
        {
          "icon": "enemy6.png",
          "isAlive": true,
          "estado": "SIN_ATACAR",
          "mode": "NORMAL",
          "health": 50.0,
          "maxHealth": 50.0,
          "dificultMultiplier": 1.0,
          "damage": 10.0,
          "speed": 12.0,
          "reward": 100
        },
        {
          "icon": "boss3.png",
          "isAlive": true,
          "estado": "SIN_ATACAR",
          "mode": "BOSS",
          "health": 75.0,
          "maxHealth": 75.0,
          "dificultMultiplier": 1.0,
          "damage": 15.0,
          "speed": 18.0,
          "reward": 100
        }
      ],
      "numeroEtapa": 0
    },
    {
      "casillas": [
        {
          "icon": "enemy6.png",
          "isAlive": true,
          "estado": "SIN_ATACAR",
          "mode": "NORMAL",
          "health": 50.0,
          "maxHealth": 50.0,
          "dificultMultiplier": 1.0,
          "damage": 10.0,
          "speed": 12.0,
          "reward": 100
        },
        {
          "icon": "enemy6.png",
          "isAlive": true,
          "estado": "SIN_ATACAR",
          "mode": "NORMAL",
          "health": 50.0,
          "maxHealth": 50.0,
          "dificultMultiplier": 1.0,
          "damage": 10.0,
          "speed": 12.0,
          "reward": 100
        },
        {
          "icon": "enemy6.png",
          "isAlive": true,
          "estado": "SIN_ATACAR",
          "mode": "NORMAL",
          "health": 50.0,
          "maxHealth": 50.0,
          "dificultMultiplier": 1.0,
          "damage": 10.0,
          "speed": 12.0,
          "reward": 100
        },
        {
          "icon": "enemy6.png",
          "isAlive": true,
          "estado": "SIN_ATACAR",
          "mode": "NORMAL",
          "health": 50.0,
          "maxHealth": 50.0,
          "dificultMultiplier": 1.0,
          "damage": 10.0,
          "speed": 12.0,
          "reward": 100
        },
        {
          "icon": "boss3.png",
          "isAlive": true,
          "estado": "SIN_ATACAR",
          "mode": "BOSS",
          "health": 75.0,
          "maxHealth": 75.0,
          "dificultMultiplier": 1.0,
          "damage": 15.0,
          "speed": 18.0,
          "reward": 100
        }
      ],
      "numeroEtapa": 1
    }
  ],
  "jugador": {
    "nombre": "user",
    "salud": 70.0,
    "saludMaxima": 100.0,
    "velocidad": 1.0,
    "dmg": 10.0,
    "oro": 0,
    "etapaActual": 0,
    "casillaActual": 0
  },
  "partidaAcabada": false
}
2024-06-03 22:26:03,103 [pool-1-thread-1] INFO  com.bonet.threaddungeons.server.ClientHandler - Mensaje recibido del cliente: 4
2024-06-03 22:26:03,103 [pool-1-thread-1] INFO  com.bonet.threaddungeons.server.ClientHandler - Procesando mensaje de ataque
2024-06-03 22:26:03,120 [pool-1-thread-1] INFO  com.bonet.threaddungeons.server.ClientHandler - Enviando estado del juego al cliente: {
  "etapas": [
    {
      "casillas": [
        {
          "icon": "enemy6.png",
          "isAlive": true,
          "estado": "EN_COMBATE",
          "mode": "NORMAL",
          "health": 10.0,
          "maxHealth": 50.0,
          "dificultMultiplier": 1.0,
          "damage": 10.0,
          "speed": 12.0,
          "reward": 100
        },
        {
          "icon": "enemy7.png",
          "isAlive": true,
          "estado": "SIN_ATACAR",
          "mode": "REWARD",
          "health": 62.5,
          "maxHealth": 62.5,
          "dificultMultiplier": 1.0,
          "damage": 12.5,
          "speed": 15.0,
          "reward": 100
        },
        {
          "icon": "enemy8.png",
          "isAlive": true,
          "estado": "SIN_ATACAR",
          "mode": "RANDOM",
          "health": 55.0,
          "maxHealth": 55.0,
          "dificultMultiplier": 1.0,
          "damage": 11.0,
          "speed": 13.200001,
          "reward": 100
        },
        {
          "icon": "enemy6.png",
          "isAlive": true,
          "estado": "SIN_ATACAR",
          "mode": "NORMAL",
          "health": 50.0,
          "maxHealth": 50.0,
          "dificultMultiplier": 1.0,
          "damage": 10.0,
          "speed": 12.0,
          "reward": 100
        },
        {
          "icon": "boss3.png",
          "isAlive": true,
          "estado": "SIN_ATACAR",
          "mode": "BOSS",
          "health": 75.0,
          "maxHealth": 75.0,
          "dificultMultiplier": 1.0,
          "damage": 15.0,
          "speed": 18.0,
          "reward": 100
        }
      ],
      "numeroEtapa": 0
    },
    {
      "casillas": [
        {
          "icon": "enemy6.png",
          "isAlive": true,
          "estado": "SIN_ATACAR",
          "mode": "NORMAL",
          "health": 50.0,
          "maxHealth": 50.0,
          "dificultMultiplier": 1.0,
          "damage": 10.0,
          "speed": 12.0,
          "reward": 100
        },
        {
          "icon": "enemy6.png",
          "isAlive": true,
          "estado": "SIN_ATACAR",
          "mode": "NORMAL",
          "health": 50.0,
          "maxHealth": 50.0,
          "dificultMultiplier": 1.0,
          "damage": 10.0,
          "speed": 12.0,
          "reward": 100
        },
        {
          "icon": "enemy6.png",
          "isAlive": true,
          "estado": "SIN_ATACAR",
          "mode": "NORMAL",
          "health": 50.0,
          "maxHealth": 50.0,
          "dificultMultiplier": 1.0,
          "damage": 10.0,
          "speed": 12.0,
          "reward": 100
        },
        {
          "icon": "enemy6.png",
          "isAlive": true,
          "estado": "SIN_ATACAR",
          "mode": "NORMAL",
          "health": 50.0,
          "maxHealth": 50.0,
          "dificultMultiplier": 1.0,
          "damage": 10.0,
          "speed": 12.0,
          "reward": 100
        },
        {
          "icon": "boss3.png",
          "isAlive": true,
          "estado": "SIN_ATACAR",
          "mode": "BOSS",
          "health": 75.0,
          "maxHealth": 75.0,
          "dificultMultiplier": 1.0,
          "damage": 15.0,
          "speed": 18.0,
          "reward": 100
        }
      ],
      "numeroEtapa": 1
    }
  ],
  "jugador": {
    "nombre": "user",
    "salud": 70.0,
    "saludMaxima": 100.0,
    "velocidad": 1.0,
    "dmg": 10.0,
    "oro": 0,
    "etapaActual": 0,
    "casillaActual": 0
  },
  "partidaAcabada": false
}
2024-06-03 22:26:04,169 [pool-1-thread-1] INFO  com.bonet.threaddungeons.server.ClientHandler - Mensaje recibido del cliente: 4
2024-06-03 22:26:04,169 [pool-1-thread-1] INFO  com.bonet.threaddungeons.server.ClientHandler - Procesando mensaje de ataque
2024-06-03 22:26:04,186 [pool-1-thread-1] INFO  com.bonet.threaddungeons.server.ClientHandler - Enviando estado del juego al cliente: {
  "etapas": [
    {
      "casillas": [
        {
          "icon": "enemy6.png",
          "isAlive": false,
          "estado": "MUERTO",
          "mode": "NORMAL",
          "health": 0.0,
          "maxHealth": 50.0,
          "dificultMultiplier": 1.0,
          "damage": 10.0,
          "speed": 12.0,
          "reward": 100
        },
        {
          "icon": "enemy7.png",
          "isAlive": true,
          "estado": "SIN_ATACAR",
          "mode": "REWARD",
          "health": 62.5,
          "maxHealth": 62.5,
          "dificultMultiplier": 1.0,
          "damage": 12.5,
          "speed": 15.0,
          "reward": 100
        },
        {
          "icon": "enemy8.png",
          "isAlive": true,
          "estado": "SIN_ATACAR",
          "mode": "RANDOM",
          "health": 55.0,
          "maxHealth": 55.0,
          "dificultMultiplier": 1.0,
          "damage": 11.0,
          "speed": 13.200001,
          "reward": 100
        },
        {
          "icon": "enemy6.png",
          "isAlive": true,
          "estado": "SIN_ATACAR",
          "mode": "NORMAL",
          "health": 50.0,
          "maxHealth": 50.0,
          "dificultMultiplier": 1.0,
          "damage": 10.0,
          "speed": 12.0,
          "reward": 100
        },
        {
          "icon": "boss3.png",
          "isAlive": true,
          "estado": "SIN_ATACAR",
          "mode": "BOSS",
          "health": 75.0,
          "maxHealth": 75.0,
          "dificultMultiplier": 1.0,
          "damage": 15.0,
          "speed": 18.0,
          "reward": 100
        }
      ],
      "numeroEtapa": 0
    },
    {
      "casillas": [
        {
          "icon": "enemy6.png",
          "isAlive": true,
          "estado": "SIN_ATACAR",
          "mode": "NORMAL",
          "health": 50.0,
          "maxHealth": 50.0,
          "dificultMultiplier": 1.0,
          "damage": 10.0,
          "speed": 12.0,
          "reward": 100
        },
        {
          "icon": "enemy6.png",
          "isAlive": true,
          "estado": "SIN_ATACAR",
          "mode": "NORMAL",
          "health": 50.0,
          "maxHealth": 50.0,
          "dificultMultiplier": 1.0,
          "damage": 10.0,
          "speed": 12.0,
          "reward": 100
        },
        {
          "icon": "enemy6.png",
          "isAlive": true,
          "estado": "SIN_ATACAR",
          "mode": "NORMAL",
          "health": 50.0,
          "maxHealth": 50.0,
          "dificultMultiplier": 1.0,
          "damage": 10.0,
          "speed": 12.0,
          "reward": 100
        },
        {
          "icon": "enemy6.png",
          "isAlive": true,
          "estado": "SIN_ATACAR",
          "mode": "NORMAL",
          "health": 50.0,
          "maxHealth": 50.0,
          "dificultMultiplier": 1.0,
          "damage": 10.0,
          "speed": 12.0,
          "reward": 100
        },
        {
          "icon": "boss3.png",
          "isAlive": true,
          "estado": "SIN_ATACAR",
          "mode": "BOSS",
          "health": 75.0,
          "maxHealth": 75.0,
          "dificultMultiplier": 1.0,
          "damage": 15.0,
          "speed": 18.0,
          "reward": 100
        }
      ],
      "numeroEtapa": 1
    }
  ],
  "jugador": {
    "nombre": "user",
    "salud": 70.0,
    "saludMaxima": 100.0,
    "velocidad": 1.0,
    "dmg": 10.0,
    "oro": 100,
    "etapaActual": 0,
    "casillaActual": 1
  },
  "partidaAcabada": false
}
