2024-05-30 19:55:09,769 [pool-1-thread-2] INFO  com.bonet.threaddungeons.server.ClientHandler - Enviando estado del juego al cliente: {
  "etapas": [
    {
      "casillas": [
        {
          "icon": "enemy6.png",
          "isAlive": true,
          "estado": "SIN_ATACAR",
          "mode": "NORMAL",
          "health": 100.0,
          "maxHealth": 100.0,
          "dificultMultiplier": 1.0,
          "damage": 10.0,
          "speed": 12.0,
          "reward": 100
        },
        {
          "icon": "enemy7.png",
          "isAlive": true,
          "estado": "SIN_ATACAR",
          "mode": "REWARD",
          "health": 150.0,
          "maxHealth": 150.0,
          "dificultMultiplier": 1.0,
          "damage": 10.0,
          "speed": 12.0,
          "reward": 100
        },
        {
          "icon": "enemy7.png",
          "isAlive": true,
          "estado": "SIN_ATACAR",
          "mode": "REWARD",
          "health": 150.0,
          "maxHealth": 150.0,
          "dificultMultiplier": 1.0,
          "damage": 10.0,
          "speed": 12.0,
          "reward": 100
        },
        {
          "icon": "enemy8.png",
          "isAlive": true,
          "estado": "SIN_ATACAR",
          "mode": "RANDOM",
          "health": 250.0,
          "maxHealth": 250.0,
          "dificultMultiplier": 1.0,
          "damage": 10.0,
          "speed": 12.0,
          "reward": 100
        },
        {
          "icon": "boss3.png",
          "isAlive": true,
          "estado": "SIN_ATACAR",
          "mode": "BOSS",
          "health": 500.0,
          "maxHealth": 500.0,
          "dificultMultiplier": 1.0,
          "damage": 10.0,
          "speed": 12.0,
          "reward": 100
        }
      ],
      "numeroEtapa": 0
    },
    {
      "casillas": [
        {
          "icon": "enemy6.png",
          "isAlive": true,
          "estado": "SIN_ATACAR",
          "mode": "NORMAL",
          "health": 100.0,
          "maxHealth": 100.0,
          "dificultMultiplier": 1.0,
          "damage": 10.0,
          "speed": 12.0,
          "reward": 100
        },
        {
          "icon": "enemy7.png",
          "isAlive": true,
          "estado": "SIN_ATACAR",
          "mode": "REWARD",
          "health": 150.0,
          "maxHealth": 150.0,
          "dificultMultiplier": 1.0,
          "damage": 10.0,
          "speed": 12.0,
          "reward": 100
        },
        {
          "icon": "enemy7.png",
          "isAlive": true,
          "estado": "SIN_ATACAR",
          "mode": "REWARD",
          "health": 150.0,
          "maxHealth": 150.0,
          "dificultMultiplier": 1.0,
          "damage": 10.0,
          "speed": 12.0,
          "reward": 100
        },
        {
          "icon": "enemy8.png",
          "isAlive": true,
          "estado": "SIN_ATACAR",
          "mode": "RANDOM",
          "health": 250.0,
          "maxHealth": 250.0,
          "dificultMultiplier": 1.0,
          "damage": 10.0,
          "speed": 12.0,
          "reward": 100
        },
        {
          "icon": "boss3.png",
          "isAlive": true,
          "estado": "SIN_ATACAR",
          "mode": "BOSS",
          "health": 500.0,
          "maxHealth": 500.0,
          "dificultMultiplier": 1.0,
          "damage": 10.0,
          "speed": 12.0,
          "reward": 100
        }
      ],
      "numeroEtapa": 1
    }
  ],
  "jugador": {
    "nombre": "Jugador2",
    "salud": 100.0,
    "saludMaxima": 100.0,
    "velocidad": 1.0,
    "dmg": 10.0,
    "oro": 0,
    "etapaActual": 0,
    "casillaActual": 0
  },
  "partidaAcabada": false
}
